CRITICAL - 2025-07-16 01:51:10 --> CodeIgniter\View\Exceptions\ViewException: Invalid file: "tu_tabla_horarios.php"
in SYSTEMPATH\Exceptions\FrameworkException.php on line 39.
 1 SYSTEMPATH\View\View.php(216): CodeIgniter\Exceptions\FrameworkException::forInvalidFile('tu_tabla_horarios.php')
 2 SYSTEMPATH\Common.php(1178): CodeIgniter\View\View->render('tu_tabla_horarios', [], true)
 3 APPPATH\Views\lex\lista.php(287): view('tu_tabla_horarios', [...])
 4 SYSTEMPATH\View\View.php(228): include('C:\\xampp\\htdocs\\cruds\\app\\Views\\lex\\lista.php')
 5 SYSTEMPATH\View\View.php(231): CodeIgniter\View\View->CodeIgniter\View\{closure}()
 6 SYSTEMPATH\Common.php(1178): CodeIgniter\View\View->render('lex/lista', [], true)
 7 APPPATH\Controllers\LexController.php(30): view('lex/lista', [...])
 8 SYSTEMPATH\CodeIgniter.php(943): App\Controllers\LexController->list()
 9 SYSTEMPATH\CodeIgniter.php(503): CodeIgniter\CodeIgniter->runController(Object(App\Controllers\LexController))
10 SYSTEMPATH\CodeIgniter.php(361): CodeIgniter\CodeIgniter->handleRequest(null, Object(Config\Cache), false)
11 FCPATH\index.php(79): CodeIgniter\CodeIgniter->run()
CRITICAL - 2025-07-16 01:52:22 --> CodeIgniter\View\Exceptions\ViewException: Invalid file: "lenguas.php"
in SYSTEMPATH\Exceptions\FrameworkException.php on line 39.
 1 SYSTEMPATH\View\View.php(216): CodeIgniter\Exceptions\FrameworkException::forInvalidFile('lenguas.php')
 2 SYSTEMPATH\Common.php(1178): CodeIgniter\View\View->render('lenguas', [], true)
 3 APPPATH\Views\lex\lista.php(287): view('lenguas', [...])
 4 SYSTEMPATH\View\View.php(228): include('C:\\xampp\\htdocs\\cruds\\app\\Views\\lex\\lista.php')
 5 SYSTEMPATH\View\View.php(231): CodeIgniter\View\View->CodeIgniter\View\{closure}()
 6 SYSTEMPATH\Common.php(1178): CodeIgniter\View\View->render('lex/lista', [], true)
 7 APPPATH\Controllers\LexController.php(30): view('lex/lista', [...])
 8 SYSTEMPATH\CodeIgniter.php(943): App\Controllers\LexController->list()
 9 SYSTEMPATH\CodeIgniter.php(503): CodeIgniter\CodeIgniter->runController(Object(App\Controllers\LexController))
10 SYSTEMPATH\CodeIgniter.php(361): CodeIgniter\CodeIgniter->handleRequest(null, Object(Config\Cache), false)
11 FCPATH\index.php(79): CodeIgniter\CodeIgniter->run()
CRITICAL - 2025-07-16 01:52:22 --> CodeIgniter\View\Exceptions\ViewException: Invalid file: "lenguas.php"
in SYSTEMPATH\Exceptions\FrameworkException.php on line 39.
 1 SYSTEMPATH\View\View.php(216): CodeIgniter\Exceptions\FrameworkException::forInvalidFile('lenguas.php')
 2 SYSTEMPATH\Common.php(1178): CodeIgniter\View\View->render('lenguas', [], true)
 3 APPPATH\Views\lex\lista.php(287): view('lenguas', [...])
 4 SYSTEMPATH\View\View.php(228): include('C:\\xampp\\htdocs\\cruds\\app\\Views\\lex\\lista.php')
 5 SYSTEMPATH\View\View.php(231): CodeIgniter\View\View->CodeIgniter\View\{closure}()
 6 SYSTEMPATH\Common.php(1178): CodeIgniter\View\View->render('lex/lista', [], true)
 7 APPPATH\Controllers\LexController.php(30): view('lex/lista', [...])
 8 SYSTEMPATH\CodeIgniter.php(943): App\Controllers\LexController->list()
 9 SYSTEMPATH\CodeIgniter.php(503): CodeIgniter\CodeIgniter->runController(Object(App\Controllers\LexController))
10 SYSTEMPATH\CodeIgniter.php(361): CodeIgniter\CodeIgniter->handleRequest(null, Object(Config\Cache), false)
11 FCPATH\index.php(79): CodeIgniter\CodeIgniter->run()
CRITICAL - 2025-07-16 02:09:40 --> CodeIgniter\View\Exceptions\ViewException: Invalid file: "lenguas.php"
in SYSTEMPATH\Exceptions\FrameworkException.php on line 39.
 1 SYSTEMPATH\View\View.php(216): CodeIgniter\Exceptions\FrameworkException::forInvalidFile('lenguas.php')
 2 SYSTEMPATH\Common.php(1178): CodeIgniter\View\View->render('lenguas', [], true)
 3 APPPATH\Views\lex\lista.php(286): view('lenguas', [...])
 4 SYSTEMPATH\View\View.php(228): include('C:\\xampp\\htdocs\\cruds\\app\\Views\\lex\\lista.php')
 5 SYSTEMPATH\View\View.php(231): CodeIgniter\View\View->CodeIgniter\View\{closure}()
 6 SYSTEMPATH\Common.php(1178): CodeIgniter\View\View->render('lex/lista', [], true)
 7 APPPATH\Controllers\LexController.php(30): view('lex/lista', [...])
 8 SYSTEMPATH\CodeIgniter.php(943): App\Controllers\LexController->list()
 9 SYSTEMPATH\CodeIgniter.php(503): CodeIgniter\CodeIgniter->runController(Object(App\Controllers\LexController))
10 SYSTEMPATH\CodeIgniter.php(361): CodeIgniter\CodeIgniter->handleRequest(null, Object(Config\Cache), false)
11 FCPATH\index.php(79): CodeIgniter\CodeIgniter->run()
CRITICAL - 2025-07-16 02:10:08 --> CodeIgniter\View\Exceptions\ViewException: Invalid file: "edit.php"
in SYSTEMPATH\Exceptions\FrameworkException.php on line 39.
 1 SYSTEMPATH\View\View.php(216): CodeIgniter\Exceptions\FrameworkException::forInvalidFile('edit.php')
 2 SYSTEMPATH\Common.php(1178): CodeIgniter\View\View->render('edit', [], true)
 3 APPPATH\Views\lex\lista.php(286): view('edit', [...])
 4 SYSTEMPATH\View\View.php(228): include('C:\\xampp\\htdocs\\cruds\\app\\Views\\lex\\lista.php')
 5 SYSTEMPATH\View\View.php(231): CodeIgniter\View\View->CodeIgniter\View\{closure}()
 6 SYSTEMPATH\Common.php(1178): CodeIgniter\View\View->render('lex/lista', [], true)
 7 APPPATH\Controllers\LexController.php(30): view('lex/lista', [...])
 8 SYSTEMPATH\CodeIgniter.php(943): App\Controllers\LexController->list()
 9 SYSTEMPATH\CodeIgniter.php(503): CodeIgniter\CodeIgniter->runController(Object(App\Controllers\LexController))
10 SYSTEMPATH\CodeIgniter.php(361): CodeIgniter\CodeIgniter->handleRequest(null, Object(Config\Cache), false)
11 FCPATH\index.php(79): CodeIgniter\CodeIgniter->run()
CRITICAL - 2025-07-16 02:10:09 --> CodeIgniter\View\Exceptions\ViewException: Invalid file: "edit.php"
in SYSTEMPATH\Exceptions\FrameworkException.php on line 39.
 1 SYSTEMPATH\View\View.php(216): CodeIgniter\Exceptions\FrameworkException::forInvalidFile('edit.php')
 2 SYSTEMPATH\Common.php(1178): CodeIgniter\View\View->render('edit', [], true)
 3 APPPATH\Views\lex\lista.php(286): view('edit', [...])
 4 SYSTEMPATH\View\View.php(228): include('C:\\xampp\\htdocs\\cruds\\app\\Views\\lex\\lista.php')
 5 SYSTEMPATH\View\View.php(231): CodeIgniter\View\View->CodeIgniter\View\{closure}()
 6 SYSTEMPATH\Common.php(1178): CodeIgniter\View\View->render('lex/lista', [], true)
 7 APPPATH\Controllers\LexController.php(30): view('lex/lista', [...])
 8 SYSTEMPATH\CodeIgniter.php(943): App\Controllers\LexController->list()
 9 SYSTEMPATH\CodeIgniter.php(503): CodeIgniter\CodeIgniter->runController(Object(App\Controllers\LexController))
10 SYSTEMPATH\CodeIgniter.php(361): CodeIgniter\CodeIgniter->handleRequest(null, Object(Config\Cache), false)
11 FCPATH\index.php(79): CodeIgniter\CodeIgniter->run()
CRITICAL - 2025-07-16 02:10:09 --> CodeIgniter\View\Exceptions\ViewException: Invalid file: "edit.php"
in SYSTEMPATH\Exceptions\FrameworkException.php on line 39.
 1 SYSTEMPATH\View\View.php(216): CodeIgniter\Exceptions\FrameworkException::forInvalidFile('edit.php')
 2 SYSTEMPATH\Common.php(1178): CodeIgniter\View\View->render('edit', [], true)
 3 APPPATH\Views\lex\lista.php(286): view('edit', [...])
 4 SYSTEMPATH\View\View.php(228): include('C:\\xampp\\htdocs\\cruds\\app\\Views\\lex\\lista.php')
 5 SYSTEMPATH\View\View.php(231): CodeIgniter\View\View->CodeIgniter\View\{closure}()
 6 SYSTEMPATH\Common.php(1178): CodeIgniter\View\View->render('lex/lista', [], true)
 7 APPPATH\Controllers\LexController.php(30): view('lex/lista', [...])
 8 SYSTEMPATH\CodeIgniter.php(943): App\Controllers\LexController->list()
 9 SYSTEMPATH\CodeIgniter.php(503): CodeIgniter\CodeIgniter->runController(Object(App\Controllers\LexController))
10 SYSTEMPATH\CodeIgniter.php(361): CodeIgniter\CodeIgniter->handleRequest(null, Object(Config\Cache), false)
11 FCPATH\index.php(79): CodeIgniter\CodeIgniter->run()
CRITICAL - 2025-07-16 02:10:24 --> CodeIgniter\View\Exceptions\ViewException: Invalid file: "edit.php"
in SYSTEMPATH\Exceptions\FrameworkException.php on line 39.
 1 SYSTEMPATH\View\View.php(216): CodeIgniter\Exceptions\FrameworkException::forInvalidFile('edit.php')
 2 SYSTEMPATH\Common.php(1178): CodeIgniter\View\View->render('edit', [], true)
 3 APPPATH\Views\lex\lista.php(286): view('edit', [...])
 4 SYSTEMPATH\View\View.php(228): include('C:\\xampp\\htdocs\\cruds\\app\\Views\\lex\\lista.php')
 5 SYSTEMPATH\View\View.php(231): CodeIgniter\View\View->CodeIgniter\View\{closure}()
 6 SYSTEMPATH\Common.php(1178): CodeIgniter\View\View->render('lex/lista', [], true)
 7 APPPATH\Controllers\LexController.php(30): view('lex/lista', [...])
 8 SYSTEMPATH\CodeIgniter.php(943): App\Controllers\LexController->list()
 9 SYSTEMPATH\CodeIgniter.php(503): CodeIgniter\CodeIgniter->runController(Object(App\Controllers\LexController))
10 SYSTEMPATH\CodeIgniter.php(361): CodeIgniter\CodeIgniter->handleRequest(null, Object(Config\Cache), false)
11 FCPATH\index.php(79): CodeIgniter\CodeIgniter->run()
CRITICAL - 2025-07-16 02:10:26 --> CodeIgniter\View\Exceptions\ViewException: Invalid file: "edit.php"
in SYSTEMPATH\Exceptions\FrameworkException.php on line 39.
 1 SYSTEMPATH\View\View.php(216): CodeIgniter\Exceptions\FrameworkException::forInvalidFile('edit.php')
 2 SYSTEMPATH\Common.php(1178): CodeIgniter\View\View->render('edit', [], true)
 3 APPPATH\Views\lex\lista.php(286): view('edit', [...])
 4 SYSTEMPATH\View\View.php(228): include('C:\\xampp\\htdocs\\cruds\\app\\Views\\lex\\lista.php')
 5 SYSTEMPATH\View\View.php(231): CodeIgniter\View\View->CodeIgniter\View\{closure}()
 6 SYSTEMPATH\Common.php(1178): CodeIgniter\View\View->render('lex/lista', [], true)
 7 APPPATH\Controllers\LexController.php(30): view('lex/lista', [...])
 8 SYSTEMPATH\CodeIgniter.php(943): App\Controllers\LexController->list()
 9 SYSTEMPATH\CodeIgniter.php(503): CodeIgniter\CodeIgniter->runController(Object(App\Controllers\LexController))
10 SYSTEMPATH\CodeIgniter.php(361): CodeIgniter\CodeIgniter->handleRequest(null, Object(Config\Cache), false)
11 FCPATH\index.php(79): CodeIgniter\CodeIgniter->run()
CRITICAL - 2025-07-16 02:10:29 --> CodeIgniter\View\Exceptions\ViewException: Invalid file: "tbledit.php"
in SYSTEMPATH\Exceptions\FrameworkException.php on line 39.
 1 SYSTEMPATH\View\View.php(216): CodeIgniter\Exceptions\FrameworkException::forInvalidFile('tbledit.php')
 2 SYSTEMPATH\Common.php(1178): CodeIgniter\View\View->render('tbledit', [], true)
 3 APPPATH\Views\lex\lista.php(286): view('tbledit', [...])
 4 SYSTEMPATH\View\View.php(228): include('C:\\xampp\\htdocs\\cruds\\app\\Views\\lex\\lista.php')
 5 SYSTEMPATH\View\View.php(231): CodeIgniter\View\View->CodeIgniter\View\{closure}()
 6 SYSTEMPATH\Common.php(1178): CodeIgniter\View\View->render('lex/lista', [], true)
 7 APPPATH\Controllers\LexController.php(30): view('lex/lista', [...])
 8 SYSTEMPATH\CodeIgniter.php(943): App\Controllers\LexController->list()
 9 SYSTEMPATH\CodeIgniter.php(503): CodeIgniter\CodeIgniter->runController(Object(App\Controllers\LexController))
10 SYSTEMPATH\CodeIgniter.php(361): CodeIgniter\CodeIgniter->handleRequest(null, Object(Config\Cache), false)
11 FCPATH\index.php(79): CodeIgniter\CodeIgniter->run()
CRITICAL - 2025-07-16 02:10:49 --> ErrorException: Undefined variable $horas
in APPPATH\Views\lex\tbledit.php on line 21.
 1 APPPATH\Views\lex\tbledit.php(21): CodeIgniter\Debug\Exceptions->errorHandler(2, 'Undefined variable $horas', 'C:\\xampp\\htdocs\\cruds\\app\\Views\\lex\\tbledit.php', 21)
 2 SYSTEMPATH\View\View.php(228): include('C:\\xampp\\htdocs\\cruds\\app\\Views\\lex\\tbledit.php')
 3 SYSTEMPATH\View\View.php(231): CodeIgniter\View\View->CodeIgniter\View\{closure}()
 4 SYSTEMPATH\Common.php(1178): CodeIgniter\View\View->render('lex/tbledit', [], true)
 5 APPPATH\Controllers\LexController.php(239): view('lex/tbledit')
 6 SYSTEMPATH\CodeIgniter.php(943): App\Controllers\LexController->edit()
 7 SYSTEMPATH\CodeIgniter.php(503): CodeIgniter\CodeIgniter->runController(Object(App\Controllers\LexController))
 8 SYSTEMPATH\CodeIgniter.php(361): CodeIgniter\CodeIgniter->handleRequest(null, Object(Config\Cache), false)
 9 FCPATH\index.php(79): CodeIgniter\CodeIgniter->run()
CRITICAL - 2025-07-16 02:16:05 --> ErrorException: Undefined variable $horas
in APPPATH\Views\lex\tbledit.php on line 21.
 1 APPPATH\Views\lex\tbledit.php(21): CodeIgniter\Debug\Exceptions->errorHandler(2, 'Undefined variable $horas', 'C:\\xampp\\htdocs\\cruds\\app\\Views\\lex\\tbledit.php', 21)
 2 SYSTEMPATH\View\View.php(228): include('C:\\xampp\\htdocs\\cruds\\app\\Views\\lex\\tbledit.php')
 3 SYSTEMPATH\View\View.php(231): CodeIgniter\View\View->CodeIgniter\View\{closure}()
 4 SYSTEMPATH\Common.php(1178): CodeIgniter\View\View->render('lex/tbledit', [], true)
 5 APPPATH\Controllers\LexController.php(239): view('lex/tbledit')
 6 SYSTEMPATH\CodeIgniter.php(943): App\Controllers\LexController->edit()
 7 SYSTEMPATH\CodeIgniter.php(503): CodeIgniter\CodeIgniter->runController(Object(App\Controllers\LexController))
 8 SYSTEMPATH\CodeIgniter.php(361): CodeIgniter\CodeIgniter->handleRequest(null, Object(Config\Cache), false)
 9 FCPATH\index.php(79): CodeIgniter\CodeIgniter->run()
CRITICAL - 2025-07-16 02:16:06 --> CodeIgniter\View\Exceptions\ViewException: Invalid file: "tbledit.php"
in SYSTEMPATH\Exceptions\FrameworkException.php on line 39.
 1 SYSTEMPATH\View\View.php(216): CodeIgniter\Exceptions\FrameworkException::forInvalidFile('tbledit.php')
 2 SYSTEMPATH\Common.php(1178): CodeIgniter\View\View->render('tbledit', [], true)
 3 APPPATH\Views\lex\lista.php(286): view('tbledit')
 4 SYSTEMPATH\View\View.php(228): include('C:\\xampp\\htdocs\\cruds\\app\\Views\\lex\\lista.php')
 5 SYSTEMPATH\View\View.php(231): CodeIgniter\View\View->CodeIgniter\View\{closure}()
 6 SYSTEMPATH\Common.php(1178): CodeIgniter\View\View->render('lex/lista', [], true)
 7 APPPATH\Controllers\LexController.php(30): view('lex/lista', [...])
 8 SYSTEMPATH\CodeIgniter.php(943): App\Controllers\LexController->list()
 9 SYSTEMPATH\CodeIgniter.php(503): CodeIgniter\CodeIgniter->runController(Object(App\Controllers\LexController))
10 SYSTEMPATH\CodeIgniter.php(361): CodeIgniter\CodeIgniter->handleRequest(null, Object(Config\Cache), false)
11 FCPATH\index.php(79): CodeIgniter\CodeIgniter->run()
CRITICAL - 2025-07-16 02:16:07 --> CodeIgniter\View\Exceptions\ViewException: Invalid file: "tbledit.php"
in SYSTEMPATH\Exceptions\FrameworkException.php on line 39.
 1 SYSTEMPATH\View\View.php(216): CodeIgniter\Exceptions\FrameworkException::forInvalidFile('tbledit.php')
 2 SYSTEMPATH\Common.php(1178): CodeIgniter\View\View->render('tbledit', [], true)
 3 APPPATH\Views\lex\lista.php(286): view('tbledit')
 4 SYSTEMPATH\View\View.php(228): include('C:\\xampp\\htdocs\\cruds\\app\\Views\\lex\\lista.php')
 5 SYSTEMPATH\View\View.php(231): CodeIgniter\View\View->CodeIgniter\View\{closure}()
 6 SYSTEMPATH\Common.php(1178): CodeIgniter\View\View->render('lex/lista', [], true)
 7 APPPATH\Controllers\LexController.php(30): view('lex/lista', [...])
 8 SYSTEMPATH\CodeIgniter.php(943): App\Controllers\LexController->list()
 9 SYSTEMPATH\CodeIgniter.php(503): CodeIgniter\CodeIgniter->runController(Object(App\Controllers\LexController))
10 SYSTEMPATH\CodeIgniter.php(361): CodeIgniter\CodeIgniter->handleRequest(null, Object(Config\Cache), false)
11 FCPATH\index.php(79): CodeIgniter\CodeIgniter->run()
CRITICAL - 2025-07-16 02:16:11 --> CodeIgniter\View\Exceptions\ViewException: Invalid file: "tbledit.php"
in SYSTEMPATH\Exceptions\FrameworkException.php on line 39.
 1 SYSTEMPATH\View\View.php(216): CodeIgniter\Exceptions\FrameworkException::forInvalidFile('tbledit.php')
 2 SYSTEMPATH\Common.php(1178): CodeIgniter\View\View->render('tbledit', [], true)
 3 APPPATH\Views\lex\lista.php(286): view('tbledit')
 4 SYSTEMPATH\View\View.php(228): include('C:\\xampp\\htdocs\\cruds\\app\\Views\\lex\\lista.php')
 5 SYSTEMPATH\View\View.php(231): CodeIgniter\View\View->CodeIgniter\View\{closure}()
 6 SYSTEMPATH\Common.php(1178): CodeIgniter\View\View->render('lex/lista', [], true)
 7 APPPATH\Controllers\LexController.php(30): view('lex/lista', [...])
 8 SYSTEMPATH\CodeIgniter.php(943): App\Controllers\LexController->list()
 9 SYSTEMPATH\CodeIgniter.php(503): CodeIgniter\CodeIgniter->runController(Object(App\Controllers\LexController))
10 SYSTEMPATH\CodeIgniter.php(361): CodeIgniter\CodeIgniter->handleRequest(null, Object(Config\Cache), false)
11 FCPATH\index.php(79): CodeIgniter\CodeIgniter->run()
CRITICAL - 2025-07-16 02:16:12 --> CodeIgniter\View\Exceptions\ViewException: Invalid file: "tbledit.php"
in SYSTEMPATH\Exceptions\FrameworkException.php on line 39.
 1 SYSTEMPATH\View\View.php(216): CodeIgniter\Exceptions\FrameworkException::forInvalidFile('tbledit.php')
 2 SYSTEMPATH\Common.php(1178): CodeIgniter\View\View->render('tbledit', [], true)
 3 APPPATH\Views\lex\lista.php(286): view('tbledit')
 4 SYSTEMPATH\View\View.php(228): include('C:\\xampp\\htdocs\\cruds\\app\\Views\\lex\\lista.php')
 5 SYSTEMPATH\View\View.php(231): CodeIgniter\View\View->CodeIgniter\View\{closure}()
 6 SYSTEMPATH\Common.php(1178): CodeIgniter\View\View->render('lex/lista', [], true)
 7 APPPATH\Controllers\LexController.php(30): view('lex/lista', [...])
 8 SYSTEMPATH\CodeIgniter.php(943): App\Controllers\LexController->list()
 9 SYSTEMPATH\CodeIgniter.php(503): CodeIgniter\CodeIgniter->runController(Object(App\Controllers\LexController))
10 SYSTEMPATH\CodeIgniter.php(361): CodeIgniter\CodeIgniter->handleRequest(null, Object(Config\Cache), false)
11 FCPATH\index.php(79): CodeIgniter\CodeIgniter->run()
CRITICAL - 2025-07-16 02:16:26 --> CodeIgniter\View\Exceptions\ViewException: Invalid file: "edit.php"
in SYSTEMPATH\Exceptions\FrameworkException.php on line 39.
 1 SYSTEMPATH\View\View.php(216): CodeIgniter\Exceptions\FrameworkException::forInvalidFile('edit.php')
 2 SYSTEMPATH\Common.php(1178): CodeIgniter\View\View->render('edit', [], true)
 3 APPPATH\Views\lex\lista.php(286): view('edit')
 4 SYSTEMPATH\View\View.php(228): include('C:\\xampp\\htdocs\\cruds\\app\\Views\\lex\\lista.php')
 5 SYSTEMPATH\View\View.php(231): CodeIgniter\View\View->CodeIgniter\View\{closure}()
 6 SYSTEMPATH\Common.php(1178): CodeIgniter\View\View->render('lex/lista', [], true)
 7 APPPATH\Controllers\LexController.php(30): view('lex/lista', [...])
 8 SYSTEMPATH\CodeIgniter.php(943): App\Controllers\LexController->list()
 9 SYSTEMPATH\CodeIgniter.php(503): CodeIgniter\CodeIgniter->runController(Object(App\Controllers\LexController))
10 SYSTEMPATH\CodeIgniter.php(361): CodeIgniter\CodeIgniter->handleRequest(null, Object(Config\Cache), false)
11 FCPATH\index.php(79): CodeIgniter\CodeIgniter->run()
CRITICAL - 2025-07-16 02:16:28 --> CodeIgniter\View\Exceptions\ViewException: Invalid file: "edit.php"
in SYSTEMPATH\Exceptions\FrameworkException.php on line 39.
 1 SYSTEMPATH\View\View.php(216): CodeIgniter\Exceptions\FrameworkException::forInvalidFile('edit.php')
 2 SYSTEMPATH\Common.php(1178): CodeIgniter\View\View->render('edit', [], true)
 3 APPPATH\Views\lex\lista.php(286): view('edit')
 4 SYSTEMPATH\View\View.php(228): include('C:\\xampp\\htdocs\\cruds\\app\\Views\\lex\\lista.php')
 5 SYSTEMPATH\View\View.php(231): CodeIgniter\View\View->CodeIgniter\View\{closure}()
 6 SYSTEMPATH\Common.php(1178): CodeIgniter\View\View->render('lex/lista', [], true)
 7 APPPATH\Controllers\LexController.php(30): view('lex/lista', [...])
 8 SYSTEMPATH\CodeIgniter.php(943): App\Controllers\LexController->list()
 9 SYSTEMPATH\CodeIgniter.php(503): CodeIgniter\CodeIgniter->runController(Object(App\Controllers\LexController))
10 SYSTEMPATH\CodeIgniter.php(361): CodeIgniter\CodeIgniter->handleRequest(null, Object(Config\Cache), false)
11 FCPATH\index.php(79): CodeIgniter\CodeIgniter->run()
CRITICAL - 2025-07-16 02:28:08 --> CodeIgniter\HTTP\Exceptions\HTTPException: The route for "lex/tbledit" cannot be found.
in SYSTEMPATH\HTTP\RedirectResponse.php on line 62.
 1 SYSTEMPATH\HTTP\RedirectResponse.php(62): CodeIgniter\HTTP\Exceptions\HTTPException::forInvalidRedirectRoute('lex/tbledit')
 2 SYSTEMPATH\Common.php(864): CodeIgniter\HTTP\RedirectResponse->route(false)
 3 APPPATH\Views\lex\lista.php(326): redirect('lex/tbledit', [...])
 4 SYSTEMPATH\View\View.php(228): include('C:\\xampp\\htdocs\\cruds\\app\\Views\\lex\\lista.php')
 5 SYSTEMPATH\View\View.php(231): CodeIgniter\View\View->CodeIgniter\View\{closure}()
 6 SYSTEMPATH\Common.php(1178): CodeIgniter\View\View->render('lex/lista', [], true)
 7 APPPATH\Controllers\LexController.php(30): view('lex/lista', [...])
 8 SYSTEMPATH\CodeIgniter.php(943): App\Controllers\LexController->list()
 9 SYSTEMPATH\CodeIgniter.php(503): CodeIgniter\CodeIgniter->runController(Object(App\Controllers\LexController))
10 SYSTEMPATH\CodeIgniter.php(361): CodeIgniter\CodeIgniter->handleRequest(null, Object(Config\Cache), false)
11 FCPATH\index.php(79): CodeIgniter\CodeIgniter->run()
CRITICAL - 2025-07-16 02:30:01 --> CodeIgniter\HTTP\Exceptions\HTTPException: The route for "lex/tbledit" cannot be found.
in SYSTEMPATH\HTTP\RedirectResponse.php on line 62.
 1 SYSTEMPATH\HTTP\RedirectResponse.php(62): CodeIgniter\HTTP\Exceptions\HTTPException::forInvalidRedirectRoute('lex/tbledit')
 2 SYSTEMPATH\Common.php(864): CodeIgniter\HTTP\RedirectResponse->route(false)
 3 APPPATH\Views\lex\lista.php(326): redirect('lex/tbledit', [...])
 4 SYSTEMPATH\View\View.php(228): include('C:\\xampp\\htdocs\\cruds\\app\\Views\\lex\\lista.php')
 5 SYSTEMPATH\View\View.php(231): CodeIgniter\View\View->CodeIgniter\View\{closure}()
 6 SYSTEMPATH\Common.php(1178): CodeIgniter\View\View->render('lex/lista', [], true)
 7 APPPATH\Controllers\LexController.php(30): view('lex/lista', [...])
 8 SYSTEMPATH\CodeIgniter.php(943): App\Controllers\LexController->list()
 9 SYSTEMPATH\CodeIgniter.php(503): CodeIgniter\CodeIgniter->runController(Object(App\Controllers\LexController))
10 SYSTEMPATH\CodeIgniter.php(361): CodeIgniter\CodeIgniter->handleRequest(null, Object(Config\Cache), false)
11 FCPATH\index.php(79): CodeIgniter\CodeIgniter->run()
